2024-07-26 13:45:58,786 INFO  [Log] ****************           -S-T-A-R-T-Login Test Started       **************** 
2024-07-26 13:45:59,603 INFO  [Log] Sucessfully entered the usernamemalavika@mst.com 
2024-07-26 13:46:04,966 INFO  [Log] Sucessfully entered the passwordjithesh@13 
2024-07-26 13:50:14,132 INFO  [Log] ****************           -S-T-A-R-T-Login Test Started       **************** 
2024-07-26 13:50:15,316 INFO  [Log] Sucessfully entered the usernamemalavika@mst.com 
2024-07-26 13:50:28,363 INFO  [Log] Sucessfully entered the passwordjithesh@13 
2024-07-26 13:52:54,126 INFO  [Log] ****************           -S-T-A-R-T-Login Test Started       **************** 
2024-07-26 13:52:55,515 INFO  [Log] Sucessfully entered the usernamemalavika@mst.com 
2024-07-26 13:53:19,238 INFO  [Log] ****************           -S-T-A-R-T-Login Test Started       **************** 
2024-07-26 13:53:20,254 INFO  [Log] Sucessfully entered the usernamemalavika@mst.com 
2024-07-26 13:53:20,459 INFO  [Log] Sucessfully entered the passwordjithesh@13 
2024-07-26 14:06:42,962 INFO  [Log] ****************           -S-T-A-R-T-Login Test Started       **************** 
2024-07-26 14:06:44,325 INFO  [Log] Sucessfully entered the usernamemalavika@mst.com 
2024-07-26 14:07:08,436 INFO  [Log] ****************           -S-T-A-R-T-Login Test Started       **************** 
2024-07-26 14:07:09,453 INFO  [Log] Sucessfully entered the usernamemalavika@mst.com 
2024-07-26 14:07:09,647 INFO  [Log] Sucessfully entered the passwordjithesh@13 
2024-07-26 14:07:23,416 INFO  [Log] Sucessfully checked RememberMe checkbox 
2024-07-26 14:07:30,870 INFO  [Log] Sucessfully clicked on usermenu 
2024-07-26 14:07:33,509 INFO  [Log] Sucessfully clicked on logout 
2024-07-26 14:07:42,291 INFO  [Log] ****************           -S-T-A-R-T-Login Test Started       **************** 
2024-07-26 14:07:43,332 INFO  [Log] Sucessfully entered the usernamemalavika@mst.com 
2024-07-26 14:07:43,529 INFO  [Log] Sucessfully entered the passwordjithesh@13 
2024-07-26 14:15:41,444 INFO  [Log] ****************           -S-T-A-R-T-Login Test Started       **************** 
2024-07-26 14:15:42,225 INFO  [Log] Sucessfully entered the usernamemalavika@mst.com 
2024-07-26 14:15:51,626 INFO  [Log] ****************           -S-T-A-R-T-Login Test Started       **************** 
2024-07-26 14:15:52,635 INFO  [Log] Sucessfully entered the usernamemalavika@mst.com 
2024-07-26 14:15:52,839 INFO  [Log] Sucessfully entered the passwordjithesh@13 
2024-07-26 14:16:18,109 INFO  [Log] ****************           -S-T-A-R-T-Login Test Started       **************** 
2024-07-26 14:16:19,125 INFO  [Log] Sucessfully entered the usernamemalavika@mst.com 
2024-07-26 14:16:19,323 INFO  [Log] Sucessfully entered the passwordjithesh@13 
2024-07-26 14:16:32,938 INFO  [Log] Sucessfully checked RememberMe checkbox 
2024-07-26 14:16:39,139 INFO  [Log] Sucessfully clicked on usermenu 
2024-07-26 14:16:41,683 INFO  [Log] Sucessfully clicked on logout 
2024-07-26 14:16:50,352 INFO  [Log] ****************           -S-T-A-R-T-Login Test Started       **************** 
2024-07-26 14:16:51,293 INFO  [Log] Sucessfully entered the username123 
2024-07-26 14:16:51,475 INFO  [Log] Sucessfully entered the password22131 
2024-07-26 14:45:11,308 INFO  [Log] ****************           -S-T-A-R-T-Login Test Started       **************** 
2024-07-26 14:45:12,092 INFO  [Log] Sucessfully entered the usernamemalavika@mst.com 
2024-07-26 14:45:23,847 INFO  [Log] ****************           -S-T-A-R-T-Login Test Started       **************** 
2024-07-26 14:45:25,129 INFO  [Log] Sucessfully entered the usernamemalavika@mst.com 
2024-07-26 14:45:40,284 INFO  [Log] Sucessfully entered the passwordjithesh@13 
2024-07-26 14:45:51,751 INFO  [Log] ****************           -S-T-A-R-T-Login Test Started       **************** 
2024-07-26 14:45:52,752 INFO  [Log] Sucessfully entered the usernamemalavika@mst.com 
2024-07-26 14:45:52,949 INFO  [Log] Sucessfully entered the passwordjithesh@13 
2024-07-26 14:46:08,147 INFO  [Log] Sucessfully checked RememberMe checkbox 
2024-07-26 14:46:13,180 INFO  [Log] Sucessfully clicked on usermenu 
2024-07-26 14:46:16,215 INFO  [Log] Sucessfully clicked on logout 
2024-07-26 14:46:28,274 INFO  [Log] ****************           -S-T-A-R-T-Login Test Started       **************** 
2024-07-26 14:46:29,282 INFO  [Log] Sucessfully entered the username123 
2024-07-26 14:46:29,446 INFO  [Log] Sucessfully entered the password22131 
2024-07-27 12:47:37,301 INFO  [Log] ****************           -S-T-A-R-T-Login Test Started       **************** 
2024-07-27 12:47:38,425 INFO  [Log] Sucessfully entered the usernamemalavika@mst.com 
2024-07-27 12:48:04,720 INFO  [Log] ****************           -S-T-A-R-T-Login Test Started       **************** 
2024-07-27 12:48:05,751 INFO  [Log] Sucessfully entered the usernamemalavika@mst.com 
2024-07-27 12:48:06,013 INFO  [Log] Sucessfully entered the passwordjithesh@13 
2024-07-27 12:48:18,006 INFO  [Log] ****************           -S-T-A-R-T-Login Test Started       **************** 
2024-07-27 12:48:19,034 INFO  [Log] Sucessfully entered the usernamemalavika@mst.com 
2024-07-27 12:48:19,231 INFO  [Log] Sucessfully entered the passwordjithesh@13 
2024-07-27 12:48:33,512 INFO  [Log] Sucessfully checked RememberMe checkbox 
2024-07-27 12:48:40,834 INFO  [Log] Sucessfully clicked on usermenu 
2024-07-27 12:48:43,296 INFO  [Log] Sucessfully clicked on logout 
2024-07-27 12:48:54,088 INFO  [Log] ****************           -S-T-A-R-T-Login Test Started       **************** 
2024-07-27 12:48:55,106 INFO  [Log] Sucessfully entered the username123 
2024-07-27 12:48:55,266 INFO  [Log] Sucessfully entered the password22131 
2024-07-27 12:49:09,978 INFO  [Log] ****************           -S-T-A-R-T-Login Test Started       **************** 
2024-07-27 12:49:10,997 INFO  [Log] Sucessfully entered the usernamemalavika@mst.com 
2024-07-27 12:49:11,167 INFO  [Log] Sucessfully entered the passwordjithesh@13 
2024-07-27 12:49:18,766 INFO  [Log] Sucessfully clicked on usermenu 
2024-07-27 12:49:23,533 INFO  [Log] Sucessfully clicked on logout 
2024-07-27 12:49:33,573 INFO  [Log] ****************           -S-T-A-R-T-Login Test Started       **************** 
2024-07-27 12:49:34,579 INFO  [Log] Sucessfully entered the usernamemalavika@mst.com 
2024-07-27 12:49:34,752 INFO  [Log] Sucessfully entered the passwordjithesh@13 
2024-07-27 12:49:40,322 INFO  [Log] Sucessfully clicked on usermenu 
2024-07-28 22:14:47,668 INFO  [Log] ****************           -S-T-A-R-T-Account Test Started       **************** 
2024-07-28 22:14:48,522 INFO  [Log] Sucessfully entered the usernamemalavika@mst.com 
2024-07-28 22:14:48,730 INFO  [Log] Sucessfully entered the passwordjithesh@13 
2024-07-28 22:27:30,428 INFO  [Log] ****************           -S-T-A-R-T-Account Test Started       **************** 
2024-07-28 22:27:31,351 INFO  [Log] Sucessfully entered the usernamemalavika@mst.com 
2024-07-28 22:27:31,585 INFO  [Log] Sucessfully entered the passwordjithesh@13 
2024-07-28 22:31:02,399 INFO  [Log] ****************           -S-T-A-R-T-Account Test Started       **************** 
2024-07-28 22:31:03,229 INFO  [Log] Sucessfully entered the usernamemalavika@mst.com 
2024-07-28 22:31:03,448 INFO  [Log] Sucessfully entered the passwordjithesh@13 
2024-07-28 22:31:25,257 INFO  [Log] ****************           -S-T-A-R-T-New View Test Started       **************** 
2024-07-28 22:31:26,298 INFO  [Log] Sucessfully entered the usernamemalavika@mst.com 
2024-07-28 22:31:26,471 INFO  [Log] Sucessfully entered the passwordjithesh@13 
2024-07-28 22:32:55,763 INFO  [Log] ****************           -S-T-A-R-T-Account Test Started       **************** 
2024-07-28 22:32:56,644 INFO  [Log] Sucessfully entered the usernamemalavika@mst.com 
2024-07-28 22:32:57,127 INFO  [Log] Sucessfully entered the passwordjithesh@13 
2024-07-28 22:33:18,314 INFO  [Log] ****************           -S-T-A-R-T-New View Test Started       **************** 
2024-07-28 22:33:19,320 INFO  [Log] Sucessfully entered the usernamemalavika@mst.com 
2024-07-28 22:33:19,488 INFO  [Log] Sucessfully entered the passwordjithesh@13 
2024-07-28 22:35:01,899 INFO  [Log] ****************           -S-T-A-R-T-Account Test Started       **************** 
2024-07-28 22:35:03,051 INFO  [Log] Sucessfully entered the usernamemalavika@mst.com 
2024-07-28 22:35:18,858 INFO  [Log] Sucessfully entered the passwordjithesh@13 
2024-07-28 22:35:41,982 INFO  [Log] ****************           -S-T-A-R-T-New View Test Started       **************** 
2024-07-28 22:35:42,992 INFO  [Log] Sucessfully entered the usernamemalavika@mst.com 
2024-07-28 22:35:43,159 INFO  [Log] Sucessfully entered the passwordjithesh@13 
2024-07-28 22:55:04,291 INFO  [Log] ****************           -S-T-A-R-T-Account Test Started       **************** 
2024-07-28 22:55:05,111 INFO  [Log] Sucessfully entered the usernamemalavika@mst.com 
2024-07-28 22:55:05,316 INFO  [Log] Sucessfully entered the passwordjithesh@13 
2024-07-28 22:55:41,982 INFO  [Log] ****************           -S-T-A-R-T-New View Test Started       **************** 
2024-07-28 22:55:42,906 INFO  [Log] Sucessfully entered the usernamemalavika@mst.com 
2024-07-28 22:55:43,102 INFO  [Log] Sucessfully entered the passwordjithesh@13 
2024-07-28 22:55:59,760 INFO  [Log] ****************           -S-T-A-R-T-Edit View Test Started       **************** 
2024-07-28 22:56:00,788 INFO  [Log] Sucessfully entered the usernamemalavika@mst.com 
2024-07-28 22:56:00,955 INFO  [Log] Sucessfully entered the passwordjithesh@13 
2024-07-28 23:18:00,914 INFO  [Log] ****************           -S-T-A-R-T-Edit View Test Started       **************** 
2024-07-28 23:18:01,687 INFO  [Log] Sucessfully entered the usernamemalavika@mst.com 
2024-07-28 23:18:02,134 INFO  [Log] Sucessfully entered the passwordjithesh@13 
2024-07-28 23:18:47,419 INFO  [Log] ****************           -S-T-A-R-T-Account Test Started       **************** 
2024-07-28 23:18:48,485 INFO  [Log] Sucessfully entered the usernamemalavika@mst.com 
2024-07-28 23:18:48,658 INFO  [Log] Sucessfully entered the passwordjithesh@13 
2024-07-28 23:19:09,644 INFO  [Log] ****************           -S-T-A-R-T-New View Test Started       **************** 
2024-07-28 23:19:10,919 INFO  [Log] Sucessfully entered the usernamemalavika@mst.com 
2024-07-28 23:19:19,954 INFO  [Log] Sucessfully entered the passwordjithesh@13 
2024-07-28 23:19:46,378 INFO  [Log] ****************           -S-T-A-R-T-Edit View Test Started       **************** 
2024-07-28 23:19:47,430 INFO  [Log] Sucessfully entered the usernamemalavika@mst.com 
2024-07-28 23:19:47,594 INFO  [Log] Sucessfully entered the passwordjithesh@13 
2024-07-28 23:48:34,648 INFO  [Log] ****************           -S-T-A-R-T-Opportunities Drop Down Test Started       **************** 
2024-07-29 00:18:02,283 INFO  [Log] ****************           -S-T-A-R-T-Opportunities Drop Down Test Started       **************** 
2024-07-29 00:18:39,322 INFO  [Log] ****************           -S-T-A-R-T-Opportunities Drop Down Test Started       **************** 
2024-07-29 00:35:31,890 INFO  [Log] ****************           -S-T-A-R-T-CreateNewOpportunity Test Started       **************** 
2024-07-29 00:36:11,937 INFO  [Log] ****************           -S-T-A-R-T-Opportunities Drop Down Test Started       **************** 
2024-07-29 00:36:46,015 INFO  [Log] ****************           -S-T-A-R-T-OpportunitiesPipeline Test Started       **************** 
2024-07-29 00:37:03,154 INFO  [Log] ****************           -S-T-A-R-T-QSummaryReport Test Started       **************** 
2024-07-29 00:37:36,673 INFO  [Log] ****************           -S-T-A-R-T-StuckOpportunities Test Started       **************** 
2024-07-29 08:37:16,033 INFO  [Log] ****************           -S-T-A-R-T-GoToLeads Test Started       **************** 
2024-07-29 08:40:46,051 INFO  [Log] ****************           -S-T-A-R-T-GoToLeads Test Started       **************** 
2024-07-29 08:41:19,982 INFO  [Log] ****************           -S-T-A-R-T-GoToLeadsDropDown Test Started       **************** 
2024-07-29 08:47:38,533 INFO  [Log] ****************           -S-T-A-R-T-GoToLeads Test Started       **************** 
2024-07-29 08:47:57,426 INFO  [Log] ****************           -S-T-A-R-T-GoToLeadsDropDown Test Started       **************** 
2024-07-29 09:28:19,156 INFO  [Log] ****************           -S-T-A-R-T-GoToLeads Test Started       **************** 
2024-07-29 09:29:00,208 INFO  [Log] ****************           -S-T-A-R-T-GoToLeadsDropDown Test Started       **************** 
2024-07-29 09:31:00,321 INFO  [Log] ****************           -S-T-A-R-T-GoToLeads Test Started       **************** 
2024-07-29 09:31:40,666 INFO  [Log] ****************           -S-T-A-R-T-GoToLeadsDropDown Test Started       **************** 
2024-07-29 23:43:38,877 INFO  [Log] ****************           -S-T-A-R-T-GoToLeads Test Started       **************** 
2024-07-29 23:44:11,697 INFO  [Log] ****************           -S-T-A-R-T-GoToLeadsDropDown Test Started       **************** 
2024-07-29 23:45:02,820 INFO  [Log] ****************           -S-T-A-R-T-defaultView Test Started       **************** 
2024-07-29 23:45:43,319 INFO  [Log] ****************           -S-T-A-R-T-todaysLeads Test Started       **************** 
2024-07-29 23:53:33,803 INFO  [Log] ****************           -S-T-A-R-T-GoToLeads Test Started       **************** 
2024-07-29 23:54:05,316 INFO  [Log] ****************           -S-T-A-R-T-GoToLeadsDropDown Test Started       **************** 
2024-07-30 08:30:52,186 INFO  [Log] ****************           -S-T-A-R-T-createNewAccount Test Started       **************** 
2024-07-30 08:40:04,208 INFO  [Log] ****************           -S-T-A-R-T-createNewAccount Test Started       **************** 
2024-07-30 08:40:48,798 INFO  [Log] ****************           -S-T-A-R-T-createNewViewinContactPage Test Started       **************** 
2024-07-30 09:25:09,345 INFO  [Log] ****************           -S-T-A-R-T-createNewAccount Test Started       **************** 
2024-07-30 09:25:37,314 INFO  [Log] ****************           -S-T-A-R-T-createNewViewinContactPage Test Started       **************** 
2024-07-30 09:26:19,743 INFO  [Log] ****************           -S-T-A-R-T-createNewViewinContactPage Test Started       **************** 
2024-07-30 10:28:22,482 INFO  [Log] ****************           -S-T-A-R-T-createNewAccount Test Started       **************** 
2024-07-30 10:28:59,844 INFO  [Log] ****************           -S-T-A-R-T-createNewViewinContactPage Test Started       **************** 
2024-07-30 10:29:33,800 INFO  [Log] ****************           -S-T-A-R-T-gotoMyContactsView Test Started       **************** 
2024-07-30 10:29:52,584 INFO  [Log] ****************           -S-T-A-R-T-newViewinContactPageError Test Started       **************** 
2024-07-30 10:30:24,931 INFO  [Log] ****************           -S-T-A-R-T-createNewViewinContactPage Test Started       **************** 
2024-07-30 10:30:41,375 INFO  [Log] ****************           -S-T-A-R-T-viewContactName Test Started       **************** 
2024-07-30 10:47:59,671 INFO  [Log] ****************           -S-T-A-R-T-createNewAccount Test Started       **************** 
2024-07-30 10:48:36,695 INFO  [Log] ****************           -S-T-A-R-T-createNewContactError Test Started       **************** 
2024-07-30 10:48:59,254 INFO  [Log] ****************           -S-T-A-R-T-createNewViewinContactPage Test Started       **************** 
2024-07-30 10:49:17,374 INFO  [Log] ****************           -S-T-A-R-T-gotoMyContactsView Test Started       **************** 
2024-07-30 10:49:34,743 INFO  [Log] ****************           -S-T-A-R-T-newViewinContactPageCancel Test Started       **************** 
2024-07-30 10:49:53,477 INFO  [Log] ****************           -S-T-A-R-T-newViewinContactPageError Test Started       **************** 
2024-07-30 11:41:15,322 INFO  [Log] ****************           -S-T-A-R-T-createNewAccount Test Started       **************** 
2024-07-30 11:41:35,528 INFO  [Log] ****************           -S-T-A-R-T-createNewContactError Test Started       **************** 
2024-07-30 11:41:58,441 INFO  [Log] ****************           -S-T-A-R-T-createNewViewinContactPage Test Started       **************** 
2024-07-30 11:42:18,078 INFO  [Log] ****************           -S-T-A-R-T-gotoMyContactsView Test Started       **************** 
2024-07-30 11:42:48,611 INFO  [Log] ****************           -S-T-A-R-T-newViewinContactPageCancel Test Started       **************** 
2024-07-30 11:43:05,751 INFO  [Log] ****************           -S-T-A-R-T-newViewinContactPageError Test Started       **************** 
2024-07-30 11:43:23,367 INFO  [Log] ****************           -S-T-A-R-T-createNewViewinContactPage Test Started       **************** 
2024-07-30 11:43:41,668 INFO  [Log] ****************           -S-T-A-R-T-viewContactName Test Started       **************** 
2024-07-30 11:52:41,926 INFO  [Log] ****************           -S-T-A-R-T-createNewAccount Test Started       **************** 
2024-07-30 11:55:38,216 INFO  [Log] ****************           -S-T-A-R-T-createNewAccount Test Started       **************** 
2024-07-30 12:30:17,988 INFO  [Log] ****************           -S-T-A-R-T-createNewAccount Test Started       **************** 
2024-07-30 12:30:56,450 INFO  [Log] ****************           -S-T-A-R-T-verifyTabCustomization Test Started       **************** 
2024-07-30 12:34:05,747 INFO  [Log] ****************           -S-T-A-R-T-GoToLeads Test Started       **************** 
2024-07-30 12:34:39,572 INFO  [Log] ****************           -S-T-A-R-T-GoToLeadsDropDown Test Started       **************** 
2024-07-30 12:35:11,622 INFO  [Log] ****************           -S-T-A-R-T-createNewLead Test Started       **************** 
2024-07-30 12:35:47,895 INFO  [Log] ****************           -S-T-A-R-T-defaultView Test Started       **************** 
2024-07-30 12:36:36,897 INFO  [Log] ****************           -S-T-A-R-T-todaysLeads Test Started       **************** 
2024-09-11 21:56:22,536 INFO  [Log] ****************           -S-T-A-R-T-GoToLeads Test Started       **************** 
2024-09-11 21:56:58,406 INFO  [Log] ****************           -S-T-A-R-T-GoToLeadsDropDown Test Started       **************** 
2024-09-11 21:57:44,442 INFO  [Log] ****************           -S-T-A-R-T-createNewLead Test Started       **************** 
2024-09-11 21:58:10,974 INFO  [Log] ****************           -S-T-A-R-T-defaultView Test Started       **************** 
2024-09-11 21:59:13,519 INFO  [Log] ****************           -S-T-A-R-T-todaysLeads Test Started       **************** 
2024-09-25 10:37:10,691 INFO  [Log] ****************           -S-T-A-R-T-Login Test Started       **************** 
2024-09-25 10:37:11,754 INFO  [Log] Sucessfully entered the usernamemalavika@mst.com 
2024-09-25 10:37:26,927 INFO  [Log] Sucessfully entered the passwordjithesh@13 
2024-09-25 11:52:18,205 INFO  [Log] ****************           -S-T-A-R-T-Login Test Started       **************** 
2024-09-25 11:52:19,239 INFO  [Log] Sucessfully entered the usernamemalavika@mst.com 
2024-09-25 11:52:25,665 INFO  [Log] Sucessfully entered the passwordjithesh@13 
2024-09-25 11:52:47,181 INFO  [Log] ****************           -S-T-A-R-T-Create Account Report Test Started       **************** 
2024-09-25 11:53:04,869 INFO  [Log] Sucessfully entered the usernamemalavika@mst.com 
2024-09-25 11:53:05,443 INFO  [Log] Sucessfully entered the passwordjithesh@13 
2024-09-25 11:53:37,149 INFO  [Log] ****************           -S-T-A-R-T-Account Test Started       **************** 
2024-09-25 11:53:38,190 INFO  [Log] Sucessfully entered the usernamemalavika@mst.com 
2024-09-25 11:53:38,506 INFO  [Log] Sucessfully entered the passwordjithesh@13 
2024-09-25 11:54:17,756 INFO  [Log] ****************           -S-T-A-R-T-New View Test Started       **************** 
2024-09-25 11:54:19,054 INFO  [Log] Sucessfully entered the usernamemalavika@mst.com 
2024-09-25 11:54:29,635 INFO  [Log] Sucessfully entered the passwordjithesh@13 
2024-09-25 11:54:46,997 INFO  [Log] ****************           -S-T-A-R-T-Edit View Test Started       **************** 
2024-09-25 11:54:47,596 INFO  [Log] Sucessfully entered the usernamemalavika@mst.com 
2024-09-25 11:54:47,984 INFO  [Log] Sucessfully entered the passwordjithesh@13 
2024-09-25 11:55:03,303 INFO  [Log] Sucessfully entered the usernamemalavika@mst.com 
2024-09-25 11:55:04,419 INFO  [Log] Sucessfully entered the passwordjithesh@13 
2024-09-25 11:55:24,092 INFO  [Log] ****************           -S-T-A-R-T-CreateNewOpportunity Test Started       **************** 
2024-09-25 11:55:50,740 INFO  [Log] ****************           -S-T-A-R-T-Opportunities Drop Down Test Started       **************** 
2024-09-25 11:56:25,215 INFO  [Log] ****************           -S-T-A-R-T-OpportunitiesPipeline Test Started       **************** 
2024-09-25 11:56:59,176 INFO  [Log] ****************           -S-T-A-R-T-QSummaryReport Test Started       **************** 
2024-09-25 11:57:33,542 INFO  [Log] ****************           -S-T-A-R-T-StuckOpportunities Test Started       **************** 
2024-09-25 11:58:10,078 INFO  [Log] ****************           -S-T-A-R-T-GoToLeads Test Started       **************** 
2024-09-25 11:58:25,986 INFO  [Log] ****************           -S-T-A-R-T-GoToLeadsDropDown Test Started       **************** 
2024-09-25 11:58:45,862 INFO  [Log] ****************           -S-T-A-R-T-createNewLead Test Started       **************** 
2024-09-25 11:59:06,325 INFO  [Log] ****************           -S-T-A-R-T-defaultView Test Started       **************** 
2024-09-25 11:59:31,557 INFO  [Log] ****************           -S-T-A-R-T-todaysLeads Test Started       **************** 
2024-09-25 12:00:03,967 INFO  [Log] ****************           -S-T-A-R-T-createNewAccount Test Started       **************** 
2024-09-25 12:00:30,820 INFO  [Log] ****************           -S-T-A-R-T-createNewContactError Test Started       **************** 
2024-09-25 12:00:49,105 INFO  [Log] ****************           -S-T-A-R-T-createNewViewinContactPage Test Started       **************** 
2024-09-25 12:01:14,906 INFO  [Log] ****************           -S-T-A-R-T-gotoMyContactsView Test Started       **************** 
2024-09-25 12:01:48,371 INFO  [Log] ****************           -S-T-A-R-T-newViewinContactPageCancel Test Started       **************** 
2024-09-25 12:02:07,615 INFO  [Log] ****************           -S-T-A-R-T-newViewinContactPageError Test Started       **************** 
2024-09-25 12:02:40,185 INFO  [Log] ****************           -S-T-A-R-T-createNewViewinContactPage Test Started       **************** 
2024-09-25 12:03:11,004 INFO  [Log] ****************           -S-T-A-R-T-viewContactName Test Started       **************** 
2024-09-25 12:04:32,902 INFO  [Log] ****************           -S-T-A-R-T-createNewAccount Test Started       **************** 
2024-09-25 12:05:40,484 INFO  [Log] ****************           -S-T-A-R-T-verifyTabCustomization Test Started       **************** 
